<?xml version="1.0" encoding="UTF-8"?>
<!-- Generated by org.testng.reporters.JUnitReportReporter -->
<testsuite hostname="DESKTOP-HAHK9EF" failures="0" tests="1" name="testCases.TC001_AccountRegistrationTest" time="5.259" errors="0" timestamp="2025-09-16T20:41:56 IST" skipped="0">
  <testcase classname="testCases.TC001_AccountRegistrationTest" name="verify_account_registration" time="5.259"/>
</testsuite> <!-- testCases.TC001_AccountRegistrationTest -->
