<?xml version="1.0" encoding="UTF-8"?>
<!-- Generated by org.testng.reporters.JUnitReportReporter -->
<testsuite hostname="DESKTOP-HAHK9EF" failures="0" tests="1" name="testCases.TC002_AccountLoginPage" time="1.584" errors="0" timestamp="2025-09-27T19:31:41 IST" skipped="0">
  <testcase classname="testCases.TC002_AccountLoginPage" name="verify_account_login" time="1.584"/>
</testsuite> <!-- testCases.TC002_AccountLoginPage -->
